jun 21, 2017 11:53:37 AM org.apache.catalina.core.AprLifecycleListener init
INFORMACIÓN: Cargada la biblioteca nativa APR de Apache Tomcat 1.2.12 con la versión APR 1.5.2.
jun 21, 2017 11:53:37 AM org.apache.catalina.core.AprLifecycleListener init
INFORMACIÓN: Capacidades APR: IPv6 [true], enviar fichero [true], aceptar filtros [false], aleatorio [true].
jun 21, 2017 11:53:37 AM org.apache.catalina.core.AprLifecycleListener initializeSSL
INFORMACIÓN: OpenSSL inicializado correctamente con versión OpenSSL 1.0.2k  26 Jan 2017
jun 21, 2017 11:53:38 AM org.apache.coyote.http11.Http11AprProtocol init
INFORMACIÓN: Inicializando Coyote HTTP/1.1 en puerto http-8080
jun 21, 2017 11:53:38 AM org.apache.coyote.ajp.AjpAprProtocol init
INFORMACIÓN: Inicializando Coyote AJP/1.3 en ajp-8009
jun 21, 2017 11:53:38 AM org.apache.catalina.startup.Catalina load
INFORMACIÓN: Initialization processed in 2032 ms
jun 21, 2017 11:53:38 AM org.apache.catalina.core.StandardService start
INFORMACIÓN: Arrancando servicio Catalina
jun 21, 2017 11:53:38 AM org.apache.catalina.core.StandardEngine start
INFORMACIÓN: Starting Servlet Engine: Apache Tomcat/6.0.53
jun 21, 2017 11:53:38 AM org.apache.catalina.startup.HostConfig deployDirectory
INFORMACIÓN: Despliegue del directorio docs de la aplicación web
jun 21, 2017 11:53:39 AM org.apache.catalina.startup.HostConfig deployDirectory
INFORMACIÓN: Despliegue del directorio examples de la aplicación web
jun 21, 2017 11:53:39 AM org.apache.catalina.startup.HostConfig deployDirectory
INFORMACIÓN: Despliegue del directorio host-manager de la aplicación web
jun 21, 2017 11:53:39 AM org.apache.catalina.startup.HostConfig deployDirectory
INFORMACIÓN: Despliegue del directorio manager de la aplicación web
jun 21, 2017 11:53:40 AM org.apache.catalina.startup.HostConfig deployDirectory
INFORMACIÓN: Despliegue del directorio ROOT de la aplicación web
jun 21, 2017 11:53:40 AM org.apache.coyote.http11.Http11AprProtocol start
INFORMACIÓN: Arrancando Coyote HTTP/1.1 en puerto http-8080
jun 21, 2017 11:53:40 AM org.apache.coyote.ajp.AjpAprProtocol start
INFORMACIÓN: Arrancando Coyote AJP/1.3 en ajp-8009
jun 21, 2017 11:53:40 AM org.apache.catalina.startup.Catalina start
INFORMACIÓN: Server startup in 1699 ms
jun 21, 2017 11:59:30 AM org.apache.coyote.http11.Http11AprProtocol pause
INFORMACIÓN: Pausando Coyote HTTP/1.1 en puerto http-8080
jun 21, 2017 11:59:30 AM org.apache.coyote.ajp.AjpAprProtocol pause
INFORMACIÓN: Pausando Coyote AJP/1.3 en ajp-8009
jun 21, 2017 11:59:31 AM org.apache.catalina.core.StandardService stop
INFORMACIÓN: Parando servicio Catalina
jun 21, 2017 11:59:31 AM org.apache.coyote.http11.Http11AprProtocol destroy
INFORMACIÓN: Parando Coyote HTTP/1.1 en puerto http-8080
jun 21, 2017 11:59:31 AM org.apache.coyote.ajp.AjpAprProtocol destroy
INFORMACIÓN: Parando Coyote AJP/1.3 en ajp-8009
jun 21, 2017 1:42:35 PM org.apache.catalina.core.AprLifecycleListener init
INFORMACIÓN: Cargada la biblioteca nativa APR de Apache Tomcat 1.2.12 con la versión APR 1.5.2.
jun 21, 2017 1:42:35 PM org.apache.catalina.core.AprLifecycleListener init
INFORMACIÓN: Capacidades APR: IPv6 [true], enviar fichero [true], aceptar filtros [false], aleatorio [true].
jun 21, 2017 1:42:36 PM org.apache.catalina.core.AprLifecycleListener initializeSSL
INFORMACIÓN: OpenSSL inicializado correctamente con versión OpenSSL 1.0.2k  26 Jan 2017
jun 21, 2017 1:42:37 PM org.apache.coyote.http11.Http11AprProtocol init
INFORMACIÓN: Inicializando Coyote HTTP/1.1 en puerto http-8080
jun 21, 2017 1:42:37 PM org.apache.coyote.ajp.AjpAprProtocol init
INFORMACIÓN: Inicializando Coyote AJP/1.3 en ajp-8009
jun 21, 2017 1:42:37 PM org.apache.catalina.startup.Catalina load
INFORMACIÓN: Initialization processed in 2502 ms
jun 21, 2017 1:42:37 PM org.apache.catalina.core.StandardService start
INFORMACIÓN: Arrancando servicio Catalina
jun 21, 2017 1:42:37 PM org.apache.catalina.core.StandardEngine start
INFORMACIÓN: Starting Servlet Engine: Apache Tomcat/6.0.53
jun 21, 2017 1:42:37 PM org.apache.catalina.startup.HostConfig deployDescriptor
INFORMACIÓN: Desplieque del descriptor de configuración host-manager.xml
jun 21, 2017 1:42:38 PM org.apache.catalina.startup.HostConfig deployDescriptor
INFORMACIÓN: Desplieque del descriptor de configuración manager.xml
jun 21, 2017 1:42:38 PM org.apache.catalina.startup.HostConfig deployDirectory
INFORMACIÓN: Despliegue del directorio docs de la aplicación web
jun 21, 2017 1:42:38 PM org.apache.catalina.startup.HostConfig deployDirectory
INFORMACIÓN: Despliegue del directorio examples de la aplicación web
jun 21, 2017 1:42:39 PM org.apache.catalina.startup.HostConfig deployDirectory
INFORMACIÓN: Despliegue del directorio ROOT de la aplicación web
jun 21, 2017 1:42:39 PM org.apache.coyote.http11.Http11AprProtocol start
INFORMACIÓN: Arrancando Coyote HTTP/1.1 en puerto http-8080
jun 21, 2017 1:42:39 PM org.apache.coyote.ajp.AjpAprProtocol start
INFORMACIÓN: Arrancando Coyote AJP/1.3 en ajp-8009
jun 21, 2017 1:42:39 PM org.apache.catalina.startup.Catalina start
INFORMACIÓN: Server startup in 1828 ms
jun 21, 2017 1:48:04 PM org.apache.catalina.startup.HostConfig deployDescriptor
INFORMACIÓN: Desplieque del descriptor de configuración Ejemplo_Servicio_Web.xml
jun 21, 2017 1:48:06 PM com.sun.xml.ws.transport.http.servlet.WSServletContextListener contextInitialized
INFORMACIÓN: WSSERVLET12: JAX-WS context listener initializing
jun 21, 2017 1:48:11 PM com.sun.xml.ws.server.MonitorBase createRoot
INFORMACIÓN: Metro monitoring rootname successfully set to: com.sun.metro:pp=/,type=WSEndpoint,name=/Ejemplo_Servicio_Web-proceso_wc-proceso_wcPort
jun 21, 2017 1:48:12 PM com.sun.xml.ws.transport.http.servlet.WSServletDelegate <init>
INFORMACIÓN: WSSERVLET14: JAX-WS servlet initializing
jun 21, 2017 1:48:12 PM org.apache.catalina.core.StandardContext start
INFORMACIÓN: Ya ha sido arrancado el Contenedor org.apache.catalina.core.ContainerBase.[Catalina].[localhost].[/Ejemplo_Servicio_Web]
jun 21, 2017 1:52:58 PM org.apache.catalina.core.StandardContext reload
INFORMACIÓN: Ha comenzado la recarga de Contexto [/Ejemplo_Servicio_Web]
jun 21, 2017 1:52:58 PM com.sun.xml.ws.transport.http.servlet.WSServletDelegate destroy
INFORMACIÓN: WSSERVLET15: JAX-WS servlet destroyed
jun 21, 2017 1:52:58 PM com.sun.xml.ws.server.MonitorBase closeMOM
INFORMACIÓN: Closing Metro monitoring root: com.sun.metro:pp=/,type=WSEndpoint,name=/Ejemplo_Servicio_Web-proceso_wc-proceso_wcPort
jun 21, 2017 1:52:58 PM com.sun.xml.ws.transport.http.servlet.WSServletContextListener contextDestroyed
INFORMACIÓN: WSSERVLET13: JAX-WS context listener destroyed
jun 21, 2017 1:53:01 PM com.sun.xml.ws.transport.http.servlet.WSServletContextListener contextInitialized
INFORMACIÓN: WSSERVLET12: JAX-WS context listener initializing
jun 21, 2017 1:53:04 PM com.sun.xml.ws.server.MonitorBase createRoot
INFORMACIÓN: Metro monitoring rootname successfully set to: com.sun.metro:pp=/,type=WSEndpoint,name=/Ejemplo_Servicio_Web-proceso_wc-proceso_wcPort
jun 21, 2017 1:53:05 PM com.sun.xml.ws.transport.http.servlet.WSServletDelegate <init>
INFORMACIÓN: WSSERVLET14: JAX-WS servlet initializing
jun 21, 2017 2:27:08 PM org.apache.coyote.http11.Http11AprProtocol pause
INFORMACIÓN: Pausando Coyote HTTP/1.1 en puerto http-8080
jun 21, 2017 2:27:08 PM org.apache.coyote.ajp.AjpAprProtocol pause
INFORMACIÓN: Pausando Coyote AJP/1.3 en ajp-8009
jun 21, 2017 2:27:09 PM org.apache.catalina.core.StandardService stop
INFORMACIÓN: Parando servicio Catalina
jun 21, 2017 2:27:09 PM com.sun.xml.ws.transport.http.servlet.WSServletDelegate destroy
INFORMACIÓN: WSSERVLET15: JAX-WS servlet destroyed
jun 21, 2017 2:27:09 PM com.sun.xml.ws.server.MonitorBase closeMOM
INFORMACIÓN: Closing Metro monitoring root: com.sun.metro:pp=/,type=WSEndpoint,name=/Ejemplo_Servicio_Web-proceso_wc-proceso_wcPort
jun 21, 2017 2:27:09 PM com.sun.xml.ws.transport.http.servlet.WSServletContextListener contextDestroyed
INFORMACIÓN: WSSERVLET13: JAX-WS context listener destroyed
jun 21, 2017 2:27:10 PM org.apache.coyote.http11.Http11AprProtocol destroy
INFORMACIÓN: Parando Coyote HTTP/1.1 en puerto http-8080
jun 21, 2017 2:27:10 PM org.apache.coyote.ajp.AjpAprProtocol destroy
INFORMACIÓN: Parando Coyote AJP/1.3 en ajp-8009
